03/22 08:51:01 INFO ***************
03/22 08:51:01 INFO Specified
03/22 08:51:01 INFO Using
03/22 08:51:01 INFO Get
03/22 08:51:01 INFO Associate
03/22 08:51:02 INFO registering
03/22 08:51:02 INFO attempt
03/22 08:51:02 INFO return
03/22 08:51:06 INFO index
03/22 08:51:06 INFO index
03/22 08:51:06 INFO index
03/22 08:51:06 INFO index
03/22 08:51:06 INFO index
03/22 08:51:06 INFO index
03/22 08:51:06 INFO index
03/22 08:51:06 INFO creating
03/22 08:51:06 INFO mailbox
03/22 08:51:06 INFO creating
03/22 08:51:06 INFO mailbox
03/22 08:51:06 INFO creating
03/22 08:51:06 INFO mailbox
03/22 08:51:06 INFO creating
03/22 08:51:06 INFO mailbox
03/22 08:51:06 INFO creating
03/22 08:51:06 INFO mailbox
03/22 08:51:06 INFO creating
03/22 08:51:06 INFO mailbox
03/22 08:51:06 INFO creating
03/22 08:51:06 INFO mailbox
03/22 08:51:06 INFO creating
03/22 08:51:06 INFO mailbox
03/22 08:51:06 INFO creating
03/22 08:51:06 INFO mailbox
03/22 08:51:06 INFO creating
03/22 08:51:06 INFO mailbox
03/22 08:51:06 INFO creating
03/22 08:51:06 INFO mailbox
03/22 08:51:06 INFO creating
03/22 08:51:06 INFO mailbox
03/22 08:51:06 INFO creating
03/22 08:51:06 INFO mailbox
03/22 08:51:06 INFO creating
03/22 08:51:06 INFO mailbox
03/22 08:51:06 INFO creating
03/22 08:51:06 INFO mailbox
03/22 08:51:06 INFO creating
03/22 08:51:06 INFO no
03/22 08:51:06 INFO creating
03/22 08:51:11 INFO mailbox
03/22 08:51:11 INFO creating
03/22 08:51:11 INFO no
03/22 08:51:11 INFO creating
03/22 08:51:11 INFO mailbox
03/22 08:51:11 INFO creating
03/22 08:51:11 INFO mailbox
03/22 08:51:11 INFO creating
03/22 08:51:11 INFO mailbox
03/22 08:51:11 INFO creating
03/22 08:51:11 INFO mailbox
03/22 08:51:11 INFO rsvpd
03/22 08:52:50 INFO accepted
03/22 08:52:50 INFO mailbox
03/22 08:52:50 INFO Ioctl
03/22 08:52:50 INFO papi_debug:
03/22 08:52:50 INFO papi_debug:
03/22 08:52:50 INFO papi_debug:
03/22 08:52:50 INFO APIInitialize:
03/22 08:52:50 INFO open_socket:
03/22 08:52:50 INFO open_socket:
03/22 08:52:50 INFO APIInitialize:
03/22 08:52:50 INFO APIInitialize:
03/22 08:52:50 INFO RegisterWithPolicyAPI:
03/22 08:52:50 INFO RegisterWithPolicyAPI:
03/22 08:52:50 INFO ReadBuffer:
03/22 08:52:51 INFO ReadBuffer:
03/22 08:52:51 INFO RegisterWithPolicyAPI:
03/22 08:52:51 INFO Policy
03/22 08:52:51 INFO RSVPFindActionName:
03/22 08:52:51 INFO ReadBuffer:
03/22 08:52:51 INFO ReadBuffer:
03/22 08:52:51 INFO RSVPFindActionName:
03/22 08:52:51 INFO RSVPFindActionName:
03/22 08:52:51 INFO found
03/22 08:52:51 INFO RSVPFindServiceDetailsOnActName:
03/22 08:52:51 INFO ReadBuffer:
03/22 08:52:51 INFO ReadBuffer:
03/22 08:52:51 INFO RSVPFindServiceDetailsOnActName:
03/22 08:52:51 INFO RSVPFindServiceDetailsOnActName:
03/22 08:52:51 INFO appl
03/22 08:52:51 INFO RSVPGetTSpec:
03/22 08:52:51 INFO RSVPGetTSpec:
03/22 08:52:51 INFO RSVPGetTSpec:
03/22 08:52:51 INFO state
03/22 08:52:51 INFO obj
03/22 08:52:51 INFO state
03/22 08:52:51 INFO src-9.67.116.98:8000
03/22 08:52:51 INFO [CL
03/22 08:52:51 INFO Ioctl
03/22 08:52:51 INFO RSVPPutActionName:
03/22 08:52:51 INFO ReadBuffer:
03/22 08:52:52 INFO ReadBuffer:
03/22 08:52:52 INFO RSVPPutActionName:
03/22 08:52:52 INFO RSVPPutActionName:
03/22 08:52:52 INFO flow[sess=9.67.116.99:1047:6,
03/22 08:52:52 INFO src-9.67.116.98:8000
03/22 08:52:52 INFO Reservation
03/22 08:53:07 INFO Ioctl
03/22 08:53:07 INFO state
03/22 08:53:22 INFO obj
03/22 08:53:22 INFO state
03/22 08:53:22 INFO Ioctl
03/22 08:53:22 INFO state
03/22 08:53:38 INFO Ioctl
03/22 08:53:38 INFO state
03/22 08:53:52 INFO obj
03/22 08:53:52 INFO state
03/22 08:53:53 INFO Ioctl
03/22 08:53:53 INFO state
03/22 08:54:09 INFO Ioctl
03/22 08:54:09 INFO state
03/22 08:54:22 INFO obj
03/22 08:54:22 INFO state
03/22 08:54:24 INFO Ioctl
03/22 08:54:24 INFO state
03/22 08:54:35 INFO state
03/22 08:54:35 INFO Ioctl
03/22 08:54:35 INFO RSVPRemActionName:
03/22 08:54:35 INFO ReadBuffer:
03/22 08:54:35 INFO ReadBuffer:
03/22 08:54:35 INFO RSVPRemActionName:
03/22 08:54:35 INFO RSVPRemActionName:
03/22 08:54:35 INFO flow[sess=9.67.116.99:1047:6,
03/22 08:54:35 INFO src-9.67.116.98:8000
03/22 08:54:35 INFO state
03/22 08:54:53 INFO received
03/22 08:54:53 INFO UnRegisterFromPolicyAPI:
03/22 08:54:53 INFO ReadBuffer:
03/22 08:54:53 INFO ReadBuffer:
03/22 08:54:53 INFO UnRegisterFromPolicyAPI:
03/22 08:54:53 INFO UnRegisterFromPolicyAPI:
03/22 08:54:53 INFO APITerminate:
03/22 08:54:53 INFO APITerminate:
03/22 08:54:53 INFO Policy
03/22 08:54:53 INFO deregistering
03/22 08:54:53 INFO attempt
03/22 08:54:53 INFO rc
03/22 08:54:53 INFO process
